Tue, 08 Sep 2015 08:58:58 +0000	[2]filemtime(): stat failed for F:\wamp\www\ecmall/data/crond.lock	\includes\libraries\cron.lib.php	132
Thu, 10 Sep 2015 01:52:11 +0000	[2]include_once(F:\wamp\www\ecmall/external/widgets/taocz_re_image/main.widget.php): failed to open stream: No such file or directory	\includes\widget.base.php	273
Thu, 10 Sep 2015 01:52:44 +0000	[2]include_once(F:\wamp\www\ecmall/external/widgets/taocz_re_image/main.widget.php): failed to open stream: No such file or directory	\includes\widget.base.php	273
Thu, 10 Sep 2015 01:59:12 +0000	[2]Illegal offset type	\eccore\view\template.php(1499) : eval()'d code	1
Thu, 10 Sep 2015 01:59:48 +0000	[2]Illegal offset type	\eccore\view\template.php(1499) : eval()'d code	1
Thu, 10 Sep 2015 02:00:09 +0000	[2]Invalid argument supplied for foreach()	\external\widgets\qt_re_image\main.widget.php	67
Thu, 10 Sep 2015 02:00:54 +0000	[2]Illegal offset type	\eccore\view\template.php(1499) : eval()'d code	1
Thu, 10 Sep 2015 02:05:00 +0000	[2]Illegal offset type	\eccore\view\template.php(1499) : eval()'d code	1
Thu, 10 Sep 2015 02:07:47 +0000	[2]Invalid argument supplied for foreach()	\external\widgets\qt_re_image\main.widget.php	67
Thu, 10 Sep 2015 02:10:38 +0000	[2]Invalid argument supplied for foreach()	\external\widgets\qt_re_image\main.widget.php	67
Thu, 10 Sep 2015 02:29:10 +0000	[2]Invalid argument supplied for foreach()	\external\widgets\qt_re_image\main.widget.php	67
Thu, 10 Sep 2015 05:53:38 +0000	[2]include_once(F:\wamp\www\ecmall/includes/libraries/init.lib.php): failed to open stream: No such file or directory	\eccore\ecmall.php(514) : runtime-created function	1
Thu, 10 Sep 2015 05:54:02 +0000	[2]include_once(F:\wamp\www\ecmall/includes/libraries/init.lib.php): failed to open stream: No such file or directory	\eccore\ecmall.php(514) : runtime-created function	1
Thu, 10 Sep 2015 05:55:29 +0000	[2]include_once(F:\wamp\www\ecmall/includes/libraries/init.lib.php): failed to open stream: No such file or directory	\eccore\ecmall.php(514) : runtime-created function	1
Fri, 11 Sep 2015 03:08:31 +0000	[2]mt_rand(): max(0) is smaller than min(1)	\includes\libraries\captcha.lib.php	274
Fri, 11 Sep 2015 06:10:25 +0000	[2]Missing argument 1 for FrontendApp::display(), called in F:\wamp\www\ecmall\app\zslm.app.php on line 20 and defined	\app\frontend.base.php	41
Fri, 11 Sep 2015 08:05:35 +0000	[2]mt_rand(): max(0) is smaller than min(1)	\includes\libraries\captcha.lib.php	274
Tue, 15 Sep 2015 08:10:54 +0000	[2]mt_rand(): max(0) is smaller than min(1)	\includes\libraries\captcha.lib.php	274
Wed, 16 Sep 2015 07:29:11 +0000	[2]fsockopen(): 	\includes\libraries\class.smtp.php	89
Wed, 23 Sep 2015 01:51:34 +0000	[2]include_once(F:\wamp\www\ecmall/external/widgets/tc_datu-1/main.widget.php): failed to open stream: No such file or directory	\includes\widget.base.php	273
Thu, 24 Sep 2015 02:30:27 +0000	[256]MySQL Error[1146]: Table 'ecmall.ecm_goods_pvs' doesn't exist
MySQL Query:SELECT g.goods_id, g.store_id, g.type, g.goods_name, g.cate_id, g.cate_name, g.brand, g.spec_qty, g.spec_name_1, g.spec_name_2, g.if_show, g.closed, g.add_time, g.recommended, g.default_image, gs.spec_id, gs.spec_1, gs.spec_2, gs.color_rgb, gs.price, gs.stock, s.store_name, s.region_id, s.region_name, s.credit_value, s.sgrade, gp.pvs, gst.views, gst.sales, gst.comments FROM ecm_goods g LEFT JOIN ecm_goods_spec gs ON g.default_spec = gs.spec_id LEFT JOIN ecm_store s ON g.store_id = s.store_id LEFT JOIN ecm_goods_pvs gp ON g.goods_id=gp.goods_id LEFT JOIN ecm_goods_statistics gst ON g.goods_id = gst.goods_id  WHERE  g.if_show = 1 AND g.closed = 0 AND s.state = 1 AND g.cate_id_1 = '1' AND gs.spec_id IS NOT NULL AND s.store_id IS NOT NULL  LIMIT 0,16
Wrong File:  F:\wamp\www\ecmall\eccore\model\mysql.php[534]	\eccore\model\mysql.php	286
Thu, 24 Sep 2015 02:30:29 +0000	[256]MySQL Error[1146]: Table 'ecmall.ecm_goods_pvs' doesn't exist
MySQL Query:SELECT g.goods_id, g.store_id, g.type, g.goods_name, g.cate_id, g.cate_name, g.brand, g.spec_qty, g.spec_name_1, g.spec_name_2, g.if_show, g.closed, g.add_time, g.recommended, g.default_image, gs.spec_id, gs.spec_1, gs.spec_2, gs.color_rgb, gs.price, gs.stock, s.store_name, s.region_id, s.region_name, s.credit_value, s.sgrade, gp.pvs, gst.views, gst.sales, gst.comments FROM ecm_goods g LEFT JOIN ecm_goods_spec gs ON g.default_spec = gs.spec_id LEFT JOIN ecm_store s ON g.store_id = s.store_id LEFT JOIN ecm_goods_pvs gp ON g.goods_id=gp.goods_id LEFT JOIN ecm_goods_statistics gst ON g.goods_id = gst.goods_id  WHERE  g.if_show = 1 AND g.closed = 0 AND s.state = 1 AND g.cate_id_2 = '2' AND gs.spec_id IS NOT NULL AND s.store_id IS NOT NULL  LIMIT 0,16
Wrong File:  F:\wamp\www\ecmall\eccore\model\mysql.php[534]	\eccore\model\mysql.php	286
Thu, 24 Sep 2015 02:30:32 +0000	[256]MySQL Error[1146]: Table 'ecmall.ecm_goods_pvs' doesn't exist
MySQL Query:SELECT g.goods_id, g.store_id, g.type, g.goods_name, g.cate_id, g.cate_name, g.brand, g.spec_qty, g.spec_name_1, g.spec_name_2, g.if_show, g.closed, g.add_time, g.recommended, g.default_image, gs.spec_id, gs.spec_1, gs.spec_2, gs.color_rgb, gs.price, gs.stock, s.store_name, s.region_id, s.region_name, s.credit_value, s.sgrade, gp.pvs, gst.views, gst.sales, gst.comments FROM ecm_goods g LEFT JOIN ecm_goods_spec gs ON g.default_spec = gs.spec_id LEFT JOIN ecm_store s ON g.store_id = s.store_id LEFT JOIN ecm_goods_pvs gp ON g.goods_id=gp.goods_id LEFT JOIN ecm_goods_statistics gst ON g.goods_id = gst.goods_id  WHERE  g.if_show = 1 AND g.closed = 0 AND s.state = 1 AND g.cate_id_3 = '1211' AND gs.spec_id IS NOT NULL AND s.store_id IS NOT NULL  LIMIT 0,16
Wrong File:  F:\wamp\www\ecmall\eccore\model\mysql.php[534]	\eccore\model\mysql.php	286
Thu, 24 Sep 2015 02:30:34 +0000	[256]MySQL Error[1146]: Table 'ecmall.ecm_goods_pvs' doesn't exist
MySQL Query:SELECT g.goods_id, g.store_id, g.type, g.goods_name, g.cate_id, g.cate_name, g.brand, g.spec_qty, g.spec_name_1, g.spec_name_2, g.if_show, g.closed, g.add_time, g.recommended, g.default_image, gs.spec_id, gs.spec_1, gs.spec_2, gs.color_rgb, gs.price, gs.stock, s.store_name, s.region_id, s.region_name, s.credit_value, s.sgrade, gp.pvs, gst.views, gst.sales, gst.comments FROM ecm_goods g LEFT JOIN ecm_goods_spec gs ON g.default_spec = gs.spec_id LEFT JOIN ecm_store s ON g.store_id = s.store_id LEFT JOIN ecm_goods_pvs gp ON g.goods_id=gp.goods_id LEFT JOIN ecm_goods_statistics gst ON g.goods_id = gst.goods_id  WHERE  g.if_show = 1 AND g.closed = 0 AND s.state = 1 AND g.cate_id_2 = '2' AND gs.spec_id IS NOT NULL AND s.store_id IS NOT NULL  LIMIT 0,16
Wrong File:  F:\wamp\www\ecmall\eccore\model\mysql.php[534]	\eccore\model\mysql.php	286
Thu, 24 Sep 2015 02:30:37 +0000	[256]MySQL Error[1146]: Table 'ecmall.ecm_goods_pvs' doesn't exist
MySQL Query:SELECT g.goods_id, g.store_id, g.type, g.goods_name, g.cate_id, g.cate_name, g.brand, g.spec_qty, g.spec_name_1, g.spec_name_2, g.if_show, g.closed, g.add_time, g.recommended, g.default_image, gs.spec_id, gs.spec_1, gs.spec_2, gs.color_rgb, gs.price, gs.stock, s.store_name, s.region_id, s.region_name, s.credit_value, s.sgrade, gp.pvs, gst.views, gst.sales, gst.comments FROM ecm_goods g LEFT JOIN ecm_goods_spec gs ON g.default_spec = gs.spec_id LEFT JOIN ecm_store s ON g.store_id = s.store_id LEFT JOIN ecm_goods_pvs gp ON g.goods_id=gp.goods_id LEFT JOIN ecm_goods_statistics gst ON g.goods_id = gst.goods_id  WHERE  g.if_show = 1 AND g.closed = 0 AND s.state = 1 AND g.cate_id_3 = '1211' AND gs.spec_id IS NOT NULL AND s.store_id IS NOT NULL  LIMIT 0,16
Wrong File:  F:\wamp\www\ecmall\eccore\model\mysql.php[534]	\eccore\model\mysql.php	286
Thu, 24 Sep 2015 02:30:39 +0000	[256]MySQL Error[1146]: Table 'ecmall.ecm_goods_pvs' doesn't exist
MySQL Query:SELECT g.goods_id, g.store_id, g.type, g.goods_name, g.cate_id, g.cate_name, g.brand, g.spec_qty, g.spec_name_1, g.spec_name_2, g.if_show, g.closed, g.add_time, g.recommended, g.default_image, gs.spec_id, gs.spec_1, gs.spec_2, gs.color_rgb, gs.price, gs.stock, s.store_name, s.region_id, s.region_name, s.credit_value, s.sgrade, gp.pvs, gst.views, gst.sales, gst.comments FROM ecm_goods g LEFT JOIN ecm_goods_spec gs ON g.default_spec = gs.spec_id LEFT JOIN ecm_store s ON g.store_id = s.store_id LEFT JOIN ecm_goods_pvs gp ON g.goods_id=gp.goods_id LEFT JOIN ecm_goods_statistics gst ON g.goods_id = gst.goods_id  WHERE  g.if_show = 1 AND g.closed = 0 AND s.state = 1 AND g.cate_id_2 = '2' AND gs.spec_id IS NOT NULL AND s.store_id IS NOT NULL  LIMIT 0,16
Wrong File:  F:\wamp\www\ecmall\eccore\model\mysql.php[534]	\eccore\model\mysql.php	286
Thu, 24 Sep 2015 02:30:42 +0000	[256]MySQL Error[1146]: Table 'ecmall.ecm_goods_pvs' doesn't exist
MySQL Query:SELECT g.goods_id, g.store_id, g.type, g.goods_name, g.cate_id, g.cate_name, g.brand, g.spec_qty, g.spec_name_1, g.spec_name_2, g.if_show, g.closed, g.add_time, g.recommended, g.default_image, gs.spec_id, gs.spec_1, gs.spec_2, gs.color_rgb, gs.price, gs.stock, s.store_name, s.region_id, s.region_name, s.credit_value, s.sgrade, gp.pvs, gst.views, gst.sales, gst.comments FROM ecm_goods g LEFT JOIN ecm_goods_spec gs ON g.default_spec = gs.spec_id LEFT JOIN ecm_store s ON g.store_id = s.store_id LEFT JOIN ecm_goods_pvs gp ON g.goods_id=gp.goods_id LEFT JOIN ecm_goods_statistics gst ON g.goods_id = gst.goods_id  WHERE  g.if_show = 1 AND g.closed = 0 AND s.state = 1 AND g.cate_id_1 = '1' AND gs.spec_id IS NOT NULL AND s.store_id IS NOT NULL  LIMIT 0,16
Wrong File:  F:\wamp\www\ecmall\eccore\model\mysql.php[534]	\eccore\model\mysql.php	286
Mon, 28 Sep 2015 05:47:34 +0000	[256]MySQL Error[1064]: You have an error in your SQL syntax; check the manual that corresponds to your MySQL server version for the right syntax to use near '*),order_goods.rec_id FROM ecm_order_goods order_goods LEFT JOIN ecm_order order' at line 1
MySQL Query:SELECT count (*),order_goods.rec_id FROM ecm_order_goods order_goods LEFT JOIN ecm_order order_alias ON order_goods.order_id = order_alias.order_id WHERE goods_id = '11' AND evaluation_status = '1'
Wrong File:  F:\wamp\www\ecmall\eccore\model\mysql.php[534]	\eccore\model\mysql.php	286
Mon, 28 Sep 2015 05:47:50 +0000	[256]MySQL Error[1064]: You have an error in your SQL syntax; check the manual that corresponds to your MySQL server version for the right syntax to use near '*),order_goods.rec_id FROM ecm_order_goods order_goods LEFT JOIN ecm_order order' at line 1
MySQL Query:SELECT count (*),order_goods.rec_id FROM ecm_order_goods order_goods LEFT JOIN ecm_order order_alias ON order_goods.order_id = order_alias.order_id WHERE goods_id = '11' AND evaluation_status = '1'
Wrong File:  F:\wamp\www\ecmall\eccore\model\mysql.php[534]	\eccore\model\mysql.php	286
Mon, 28 Sep 2015 07:37:11 +0000	[2]fsockopen(): 	\includes\libraries\class.smtp.php	89
Mon, 28 Sep 2015 07:37:12 +0000	[2]fsockopen(): 	\includes\libraries\class.smtp.php	89
Tue, 29 Sep 2015 01:17:08 +0000	[2]Missing argument 1 for dump(), called in F:\wamp\www\ecmall\app\goods.app.php on line 289 and defined	\eccore\ecmall.php	563
Tue, 29 Sep 2015 01:17:27 +0000	[2]Missing argument 1 for dump(), called in F:\wamp\www\ecmall\app\goods.app.php on line 289 and defined	\eccore\ecmall.php	563
Tue, 29 Sep 2015 01:17:31 +0000	[2]Missing argument 1 for dump(), called in F:\wamp\www\ecmall\app\goods.app.php on line 289 and defined	\eccore\ecmall.php	563
Tue, 29 Sep 2015 01:18:17 +0000	[2]Missing argument 1 for dump(), called in F:\wamp\www\ecmall\app\goods.app.php on line 289 and defined	\eccore\ecmall.php	563
Tue, 29 Sep 2015 01:18:20 +0000	[2]Missing argument 1 for dump(), called in F:\wamp\www\ecmall\app\goods.app.php on line 289 and defined	\eccore\ecmall.php	563
Tue, 29 Sep 2015 07:10:57 +0000	[2]filemtime(): stat failed for F:\wamp\www\ecmall/data/crond.lock	\includes\libraries\cron.lib.php	132
